<?xml version="1.0" encoding="UTF-8"?>
<testng-results total="1" passed="1" failed="0" skipped="0">
  <reporter-output>
  </reporter-output>
  <suite started-at="2024-02-19T17:06:35Z" name="Default suite" finished-at="2024-02-19T17:07:04Z" duration-ms="28995">
    <groups>
    </groups>
    <test started-at="2024-02-19T17:06:35Z" name="Default test" finished-at="2024-02-19T17:07:04Z" duration-ms="28995">
      <class name="POM_in_Selenium.POMinSelenium.LoginTest">
        <test-method is-config="true" signature="setUp()[pri:0, instance:POM_in_Selenium.POMinSelenium.LoginTest@4241e0f4]" started-at="2024-02-20T00:06:35Z" name="setUp" finished-at="2024-02-20T00:07:01Z" duration-ms="26111" status="PASS">
          <reporter-output>
          </reporter-output>
        </test-method> <!-- setUp -->
        <test-method signature="loginTest()[pri:0, instance:POM_in_Selenium.POMinSelenium.LoginTest@4241e0f4]" started-at="2024-02-20T00:07:01Z" name="loginTest" finished-at="2024-02-20T00:07:04Z" duration-ms="2874" status="PASS">
          <reporter-output>
          </reporter-output>
        </test-method> <!-- loginTest -->
        <test-method is-config="true" signature="tearDown()[pri:0, instance:POM_in_Selenium.POMinSelenium.LoginTest@4241e0f4]" started-at="2024-02-20T00:07:04Z" name="tearDown" finished-at="2024-02-20T00:07:04Z" duration-ms="0" status="PASS">
          <reporter-output>
          </reporter-output>
        </test-method> <!-- tearDown -->
      </class> <!-- POM_in_Selenium.POMinSelenium.LoginTest -->
    </test> <!-- Default test -->
  </suite> <!-- Default suite -->
</testng-results>
